EaseUI/build/outputs/logs/manifest-merger-debug-report.txt
-- Merging decision tree log ---
manifest
ADDED from FuBaihui\EaseUI\AndroidManifest.xml:2:1-11:12
INJECTED from FuBaihui\EaseUI\AndroidManifest.xml:2:1-11:12
INJECTED from FuBaihui\EaseUI\AndroidManifest.xml:2:1-11:12
INJECTED from FuBaihui\EaseUI\AndroidManifest.xml:2:1-11:12
INJECTED from FuBaihui\EaseUI\AndroidManifest.xml:2:1-11:12
INJECTED from FuBaihui\EaseUI\AndroidManifest.xml:2:1-11:12
INJECTED from FuBaihui\EaseUI\AndroidManifest.xml:2:1-11:12
	package
		ADDED from FuBaihui\EaseUI\AndroidManifest.xml:3:5-35
		INJECTED from FuBaihui\EaseUI\AndroidManifest.xml
		INJECTED from FuBaihui\EaseUI\AndroidManifest.xml
	android:versionName
		ADDED from FuBaihui\EaseUI\AndroidManifest.xml:5:5-30
		INJECTED from FuBaihui\EaseUI\AndroidManifest.xml
		INJECTED from FuBaihui\EaseUI\AndroidManifest.xml
	xmlns:android
		ADDED from FuBaihui\EaseUI\AndroidManifest.xml:2:11-69
	android:versionCode
		ADDED from FuBaihui\EaseUI\AndroidManifest.xml:4:5-28
		INJECTED from FuBaihui\EaseUI\AndroidManifest.xml
		INJECTED from FuBaihui\EaseUI\AndroidManifest.xml
uses-sdk
ADDED from FuBaihui\EaseUI\AndroidManifest.xml:7:5-9:12
INJECTED from FuBaihui\EaseUI\AndroidManifest.xml:7:5-9:12
INJECTED from FuBaihui\EaseUI\AndroidManifest.xml:7:5-9:12
	android:minSdkVersion
		ADDED from FuBaihui\EaseUI\AndroidManifest.xml:8:9-34
		INJECTED from FuBaihui\EaseUI\AndroidManifest.xml
		INJECTED from FuBaihui\EaseUI\AndroidManifest.xml